*     18:33:15.033 [main](    1995 msec from start) [ERROR] org.hibernate.tool.hbm2ddl.SchemaExport.perform:426
HHH000389: Unsuccessful: alter table ColorAttribute drop constraint FK_4lh8tvtjlay7fe917fyy18t0e
*     18:33:15.036 [main](    1998 msec from start) [ERROR] org.hibernate.tool.hbm2ddl.SchemaExport.perform:427
user lacks privilege or object not found: PUBLIC.COLORATTRIBUTE
*     18:33:15.038 [main](    2000 msec from start) [ERROR] org.hibernate.tool.hbm2ddl.SchemaExport.perform:426
HHH000389: Unsuccessful: alter table DEALS drop constraint FK_4jv7j0353g8hkm4vcyosbkm5a
*     18:33:15.040 [main](    2002 msec from start) [ERROR] org.hibernate.tool.hbm2ddl.SchemaExport.perform:427
user lacks privilege or object not found: PUBLIC.DEALS
*     18:33:15.042 [main](    2004 msec from start) [ERROR] org.hibernate.tool.hbm2ddl.SchemaExport.perform:426
HHH000389: Unsuccessful: alter table ImageAttribute drop constraint FK_q5wu95vfxew1pxed2ygy109ny
*     18:33:15.044 [main](    2006 msec from start) [ERROR] org.hibernate.tool.hbm2ddl.SchemaExport.perform:427
user lacks privilege or object not found: PUBLIC.IMAGEATTRIBUTE
*     18:33:15.045 [main](    2007 msec from start) [ERROR] org.hibernate.tool.hbm2ddl.SchemaExport.perform:426
HHH000389: Unsuccessful: alter table PRODUCT drop constraint FK_6oweamgjibmex1v06bgk59asd
*     18:33:15.051 [main](    2013 msec from start) [ERROR] org.hibernate.tool.hbm2ddl.SchemaExport.perform:427
user lacks privilege or object not found: PUBLIC.PRODUCT
*     18:33:15.053 [main](    2015 msec from start) [ERROR] org.hibernate.tool.hbm2ddl.SchemaExport.perform:426
HHH000389: Unsuccessful: alter table PRODUCT_ATTRIBUTES drop constraint FK_jbumqcl8sam9w1clh3cdm2s38
*     18:33:15.055 [main](    2017 msec from start) [ERROR] org.hibernate.tool.hbm2ddl.SchemaExport.perform:427
user lacks privilege or object not found: PUBLIC.PRODUCT_ATTRIBUTES
*     18:33:15.057 [main](    2019 msec from start) [ERROR] org.hibernate.tool.hbm2ddl.SchemaExport.perform:426
HHH000389: Unsuccessful: alter table PRODUCT_ATTRIBUTES drop constraint FK_6rqlij3051my7v5491rx2q90a
*     18:33:15.058 [main](    2020 msec from start) [ERROR] org.hibernate.tool.hbm2ddl.SchemaExport.perform:427
user lacks privilege or object not found: PUBLIC.PRODUCT_ATTRIBUTES
*     18:38:03.560 [main](    1595 msec from start) [ERROR] org.hibernate.tool.hbm2ddl.SchemaExport.perform:426
HHH000389: Unsuccessful: alter table ColorAttribute drop constraint FK_4lh8tvtjlay7fe917fyy18t0e
*     18:38:03.562 [main](    1597 msec from start) [ERROR] org.hibernate.tool.hbm2ddl.SchemaExport.perform:427
user lacks privilege or object not found: PUBLIC.COLORATTRIBUTE
*     18:38:03.564 [main](    1599 msec from start) [ERROR] org.hibernate.tool.hbm2ddl.SchemaExport.perform:426
HHH000389: Unsuccessful: alter table DEALS drop constraint FK_4jv7j0353g8hkm4vcyosbkm5a
*     18:38:03.565 [main](    1600 msec from start) [ERROR] org.hibernate.tool.hbm2ddl.SchemaExport.perform:427
user lacks privilege or object not found: PUBLIC.DEALS
*     18:38:03.567 [main](    1602 msec from start) [ERROR] org.hibernate.tool.hbm2ddl.SchemaExport.perform:426
HHH000389: Unsuccessful: alter table ImageAttribute drop constraint FK_q5wu95vfxew1pxed2ygy109ny
*     18:38:03.568 [main](    1603 msec from start) [ERROR] org.hibernate.tool.hbm2ddl.SchemaExport.perform:427
user lacks privilege or object not found: PUBLIC.IMAGEATTRIBUTE
*     18:38:03.570 [main](    1605 msec from start) [ERROR] org.hibernate.tool.hbm2ddl.SchemaExport.perform:426
HHH000389: Unsuccessful: alter table PRODUCT drop constraint FK_6oweamgjibmex1v06bgk59asd
*     18:38:03.572 [main](    1607 msec from start) [ERROR] org.hibernate.tool.hbm2ddl.SchemaExport.perform:427
user lacks privilege or object not found: PUBLIC.PRODUCT
*     18:38:03.580 [main](    1615 msec from start) [ERROR] org.hibernate.tool.hbm2ddl.SchemaExport.perform:426
HHH000389: Unsuccessful: alter table PRODUCT_ATTRIBUTES drop constraint FK_jbumqcl8sam9w1clh3cdm2s38
*     18:38:03.583 [main](    1618 msec from start) [ERROR] org.hibernate.tool.hbm2ddl.SchemaExport.perform:427
user lacks privilege or object not found: PUBLIC.PRODUCT_ATTRIBUTES
*     18:38:03.586 [main](    1621 msec from start) [ERROR] org.hibernate.tool.hbm2ddl.SchemaExport.perform:426
HHH000389: Unsuccessful: alter table PRODUCT_ATTRIBUTES drop constraint FK_6rqlij3051my7v5491rx2q90a
*     18:38:03.587 [main](    1622 msec from start) [ERROR] org.hibernate.tool.hbm2ddl.SchemaExport.perform:427
user lacks privilege or object not found: PUBLIC.PRODUCT_ATTRIBUTES
*     18:42:48.509 [main](    1830 msec from start) [ERROR] org.hibernate.tool.hbm2ddl.SchemaExport.perform:426
HHH000389: Unsuccessful: alter table ColorAttribute drop constraint FK_4lh8tvtjlay7fe917fyy18t0e
*     18:42:48.513 [main](    1834 msec from start) [ERROR] org.hibernate.tool.hbm2ddl.SchemaExport.perform:427
user lacks privilege or object not found: PUBLIC.COLORATTRIBUTE
*     18:42:48.515 [main](    1836 msec from start) [ERROR] org.hibernate.tool.hbm2ddl.SchemaExport.perform:426
HHH000389: Unsuccessful: alter table DEALS drop constraint FK_4jv7j0353g8hkm4vcyosbkm5a
*     18:42:48.516 [main](    1837 msec from start) [ERROR] org.hibernate.tool.hbm2ddl.SchemaExport.perform:427
user lacks privilege or object not found: PUBLIC.DEALS
*     18:42:48.519 [main](    1840 msec from start) [ERROR] org.hibernate.tool.hbm2ddl.SchemaExport.perform:426
HHH000389: Unsuccessful: alter table ImageAttribute drop constraint FK_q5wu95vfxew1pxed2ygy109ny
*     18:42:48.520 [main](    1841 msec from start) [ERROR] org.hibernate.tool.hbm2ddl.SchemaExport.perform:427
user lacks privilege or object not found: PUBLIC.IMAGEATTRIBUTE
*     18:42:48.521 [main](    1842 msec from start) [ERROR] org.hibernate.tool.hbm2ddl.SchemaExport.perform:426
HHH000389: Unsuccessful: alter table PRODUCT drop constraint FK_6oweamgjibmex1v06bgk59asd
*     18:42:48.525 [main](    1846 msec from start) [ERROR] org.hibernate.tool.hbm2ddl.SchemaExport.perform:427
user lacks privilege or object not found: PUBLIC.PRODUCT
*     18:42:48.526 [main](    1847 msec from start) [ERROR] org.hibernate.tool.hbm2ddl.SchemaExport.perform:426
HHH000389: Unsuccessful: alter table PRODUCT_ATTRIBUTES drop constraint FK_jbumqcl8sam9w1clh3cdm2s38
*     18:42:48.527 [main](    1848 msec from start) [ERROR] org.hibernate.tool.hbm2ddl.SchemaExport.perform:427
user lacks privilege or object not found: PUBLIC.PRODUCT_ATTRIBUTES
*     18:42:48.528 [main](    1849 msec from start) [ERROR] org.hibernate.tool.hbm2ddl.SchemaExport.perform:426
HHH000389: Unsuccessful: alter table PRODUCT_ATTRIBUTES drop constraint FK_6rqlij3051my7v5491rx2q90a
*     18:42:48.529 [main](    1850 msec from start) [ERROR] org.hibernate.tool.hbm2ddl.SchemaExport.perform:427
user lacks privilege or object not found: PUBLIC.PRODUCT_ATTRIBUTES
