*     11:02:04.699 [main](       0 msec from start) [DEBUG] order_org.jboss.logging.<clinit>:55
Logging Provider: org.jboss.logging.Log4jLoggerProvider
*     11:02:08.552 [main](    3853 msec from start) [DEBUG] order_com.advantage.root.util.ValidationHelper.isValidByRegExpPattern:117
054 123 4567 match to pattern ((\+([1-9]{1}[0-9]{0,3}))?[-.\s]?)\(?([0-9]{1,3})\)?[-.\s]?([0-9]{3})[-.\s]?([0-9]{4})$
*     11:02:08.554 [main](    3855 msec from start) [DEBUG] order_com.advantage.root.util.ValidationHelper.isValidByRegExpPattern:117
(054) 1234567 match to pattern ((\+([1-9]{1}[0-9]{0,3}))?[-.\s]?)\(?([0-9]{1,3})\)?[-.\s]?([0-9]{3})[-.\s]?([0-9]{4})$
*     11:02:08.555 [main](    3856 msec from start) [DEBUG] order_com.advantage.root.util.ValidationHelper.isValidByRegExpPattern:117
(054) 123 4567 match to pattern ((\+([1-9]{1}[0-9]{0,3}))?[-.\s]?)\(?([0-9]{1,3})\)?[-.\s]?([0-9]{3})[-.\s]?([0-9]{4})$
*     11:02:08.555 [main](    3856 msec from start) [DEBUG] order_com.advantage.root.util.ValidationHelper.isValidByRegExpPattern:117
+1 123 456 7890 match to pattern ((\+([1-9]{1}[0-9]{0,3}))?[-.\s]?)\(?([0-9]{1,3})\)?[-.\s]?([0-9]{3})[-.\s]?([0-9]{4})$
*     11:02:08.556 [main](    3857 msec from start) [DEBUG] order_com.advantage.root.util.ValidationHelper.isValidByRegExpPattern:117
+972 54 123 4567 match to pattern ((\+([1-9]{1}[0-9]{0,3}))?[-.\s]?)\(?([0-9]{1,3})\)?[-.\s]?([0-9]{3})[-.\s]?([0-9]{4})$
*     11:02:08.556 [main](    3857 msec from start) [DEBUG] order_com.advantage.root.util.ValidationHelper.isValidByRegExpPattern:117
+972 54 1234567 match to pattern ((\+([1-9]{1}[0-9]{0,3}))?[-.\s]?)\(?([0-9]{1,3})\)?[-.\s]?([0-9]{3})[-.\s]?([0-9]{4})$
*     11:02:08.556 [main](    3857 msec from start) [DEBUG] order_com.advantage.root.util.ValidationHelper.isValidByRegExpPattern:117
+44 123 4567890 match to pattern ((\+([1-9]{1}[0-9]{0,3}))?[-.\s]?)\(?([0-9]{1,3})\)?[-.\s]?([0-9]{3})[-.\s]?([0-9]{4})$
*     11:02:08.557 [main](    3858 msec from start) [DEBUG] order_com.advantage.root.util.ValidationHelper.isValidByRegExpPattern:117
+44 1234567890 match to pattern ((\+([1-9]{1}[0-9]{0,3}))?[-.\s]?)\(?([0-9]{1,3})\)?[-.\s]?([0-9]{3})[-.\s]?([0-9]{4})$
*     11:02:08.558 [main](    3859 msec from start) [DEBUG] order_com.advantage.root.util.ValidationHelper.isValidByRegExpPattern:117
+441234567890 match to pattern ((\+([1-9]{1}[0-9]{0,3}))?[-.\s]?)\(?([0-9]{1,3})\)?[-.\s]?([0-9]{3})[-.\s]?([0-9]{4})$
*     11:02:08.559 [main](    3860 msec from start) [WARN ] order_com.advantage.root.util.ValidationHelper.isValidByRegExpPattern:117
441234567890 not match to pattern ((\+([1-9]{1}[0-9]{0,3}))?[-.\s]?)\(?([0-9]{1,3})\)?[-.\s]?([0-9]{3})[-.\s]?([0-9]{4})$
*     11:02:08.563 [main](    3864 msec from start) [DEBUG] order_com.advantage.root.util.ValidationHelper.isValidByRegExpPattern:117
davidK7 match to pattern ((?=.*\d)(?=.*[a-z])(?=.*[A-Z]).{4,12})
*     11:02:08.564 [main](    3865 msec from start) [DEBUG] order_com.advantage.root.util.ValidationHelper.isValidByRegExpPattern:117
King7david match to pattern ((?=.*\d)(?=.*[a-z])(?=.*[A-Z]).{4,12})
*     11:02:08.564 [main](    3865 msec from start) [WARN ] order_com.advantage.root.util.ValidationHelper.isValidByRegExpPattern:117
Kd5 not match to pattern ((?=.*\d)(?=.*[a-z])(?=.*[A-Z]).{4,12})
*     11:02:08.565 [main](    3866 msec from start) [WARN ] order_com.advantage.root.util.ValidationHelper.isValidByRegExpPattern:117
kingdavid not match to pattern ((?=.*\d)(?=.*[a-z])(?=.*[A-Z]).{4,12})
*     11:02:08.565 [main](    3866 msec from start) [WARN ] order_com.advantage.root.util.ValidationHelper.isValidByRegExpPattern:117
Kingdavid not match to pattern ((?=.*\d)(?=.*[a-z])(?=.*[A-Z]).{4,12})
*     11:02:08.571 [main](    3872 msec from start) [WARN ] order_com.advantage.root.util.ValidationHelper.isValidByRegExpPattern:117
KingSolomon123 not match to pattern ((?=.*\d)(?=.*[a-z])(?=.*[A-Z]).{4,12})
*     11:02:08.573 [main](    3874 msec from start) [DEBUG] order_com.advantage.root.util.ValidationHelper.isValidByRegExpPattern:117
a@b.com match to pattern ^[_A-Za-z0-9-\+]+(\.[_A-Za-z0-9-]+)*@[A-Za-z0-9-]+(\.[A-Za-z0-9]+)*(\.[A-Za-z]{2,})$
*     11:02:08.574 [main](    3875 msec from start) [DEBUG] order_com.advantage.root.util.ValidationHelper.isValidByRegExpPattern:117
user2015@hpe.com match to pattern ^[_A-Za-z0-9-\+]+(\.[_A-Za-z0-9-]+)*@[A-Za-z0-9-]+(\.[A-Za-z0-9]+)*(\.[A-Za-z]{2,})$
*     11:02:08.575 [main](    3876 msec from start) [DEBUG] order_com.advantage.root.util.ValidationHelper.isValidByRegExpPattern:117
pmoi@gov.il match to pattern ^[_A-Za-z0-9-\+]+(\.[_A-Za-z0-9-]+)*@[A-Za-z0-9-]+(\.[A-Za-z0-9]+)*(\.[A-Za-z]{2,})$
*     11:02:08.577 [main](    3878 msec from start) [DEBUG] order_com.advantage.root.util.ValidationHelper.isValidByRegExpPattern:117
user_2015@java.org.il match to pattern ^[_A-Za-z0-9-\+]+(\.[_A-Za-z0-9-]+)*@[A-Za-z0-9-]+(\.[A-Za-z0-9]+)*(\.[A-Za-z]{2,})$
*     11:02:08.582 [main](    3883 msec from start) [WARN ] order_com.advantage.root.util.ValidationHelper.isValidByRegExpPattern:117
pmoi#@gov.il not match to pattern ^[_A-Za-z0-9-\+]+(\.[_A-Za-z0-9-]+)*@[A-Za-z0-9-]+(\.[A-Za-z0-9]+)*(\.[A-Za-z]{2,})$
*     11:02:08.583 [main](    3884 msec from start) [WARN ] order_com.advantage.root.util.ValidationHelper.isValidByRegExpPattern:117
pmoi#gov.il not match to pattern ^[_A-Za-z0-9-\+]+(\.[_A-Za-z0-9-]+)*@[A-Za-z0-9-]+(\.[A-Za-z0-9]+)*(\.[A-Za-z]{2,})$
*     11:02:08.583 [main](    3884 msec from start) [WARN ] order_com.advantage.root.util.ValidationHelper.isValidByRegExpPattern:117
pmoi@.com not match to pattern ^[_A-Za-z0-9-\+]+(\.[_A-Za-z0-9-]+)*@[A-Za-z0-9-]+(\.[A-Za-z0-9]+)*(\.[A-Za-z]{2,})$
*     11:02:08.585 [main](    3886 msec from start) [DEBUG] order_com.advantage.root.util.ValidationHelper.isValidByRegExpPattern:117
user2015 match to pattern ^[A-Za-z0-9_.-]{3,15}$
*     11:02:08.585 [main](    3886 msec from start) [DEBUG] order_com.advantage.root.util.ValidationHelper.isValidByRegExpPattern:117
kingdavid match to pattern ^[A-Za-z0-9_.-]{3,15}$
*     11:02:08.586 [main](    3887 msec from start) [DEBUG] order_com.advantage.root.util.ValidationHelper.isValidByRegExpPattern:117
king.david match to pattern ^[A-Za-z0-9_.-]{3,15}$
*     11:02:08.594 [main](    3895 msec from start) [DEBUG] order_com.advantage.root.util.ValidationHelper.isValidByRegExpPattern:117
king.solomon match to pattern ^[A-Za-z0-9_.-]{3,15}$
*     11:02:08.595 [main](    3896 msec from start) [WARN ] order_com.advantage.root.util.ValidationHelper.isValidByRegExpPattern:117
kd not match to pattern ^[A-Za-z0-9_.-]{3,15}$
*     11:02:08.596 [main](    3897 msec from start) [WARN ] order_com.advantage.root.util.ValidationHelper.isValidByRegExpPattern:117
inspector.gadget not match to pattern ^[A-Za-z0-9_.-]{3,15}$
*     11:02:08.599 [main](    3900 msec from start) [DEBUG] order_com.advantage.root.util.ValidationHelper.isValidDate:128
date to check: '29.02.2012'
*     11:02:08.601 [main](    3902 msec from start) [DEBUG] order_com.advantage.root.util.ValidationHelper.isValidDate:149
29.02.2012 : true
*     11:02:08.601 [main](    3902 msec from start) [DEBUG] order_com.advantage.root.util.ValidationHelper.isValidDate:128
date to check: '29.02.2013'
*     11:02:08.603 [main](    3904 msec from start) [ERROR] order_com.advantage.root.util.ValidationHelper.isValidDate:145
29.02.2013 : false
*     11:02:08.609 [main](    3910 msec from start) [DEBUG] order_com.advantage.root.util.ValidationHelper.isValidDate:128
date to check: '02/29/2012'
*     11:02:08.614 [main](    3915 msec from start) [DEBUG] order_com.advantage.root.util.ValidationHelper.isValidDate:149
02/29/2012 : true
*     11:02:08.618 [main](    3919 msec from start) [DEBUG] order_com.advantage.root.util.ValidationHelper.isValidDate:128
date to check: '02/29/2013'
*     11:02:08.620 [main](    3921 msec from start) [ERROR] order_com.advantage.root.util.ValidationHelper.isValidDate:145
02/29/2013 : false
*     11:02:08.621 [main](    3922 msec from start) [DEBUG] order_com.advantage.root.util.ValidationHelper.isValidDate:128
date to check: '2012-02-29'
*     11:02:08.626 [main](    3927 msec from start) [DEBUG] order_com.advantage.root.util.ValidationHelper.isValidDate:149
2012-02-29 : true
*     11:02:08.627 [main](    3928 msec from start) [DEBUG] order_com.advantage.root.util.ValidationHelper.isValidDate:128
date to check: '2013-02-29'
*     11:02:08.627 [main](    3928 msec from start) [ERROR] order_com.advantage.root.util.ValidationHelper.isValidDate:145
2013-02-29 : false
*     11:02:08.629 [main](    3930 msec from start) [DEBUG] order_com.advantage.root.util.ValidationHelper.isValidByRegExpPattern:117
00:00:00 match to pattern ([01]?[0-9]|2[0-3]):[0-5][0-9]:[0-5][0-9]
*     11:02:08.629 [main](    3930 msec from start) [DEBUG] order_com.advantage.root.util.ValidationHelper.isValidByRegExpPattern:117
02:34:56 match to pattern ([01]?[0-9]|2[0-3]):[0-5][0-9]:[0-5][0-9]
*     11:02:08.630 [main](    3931 msec from start) [DEBUG] order_com.advantage.root.util.ValidationHelper.isValidByRegExpPattern:117
12:34:56 match to pattern ([01]?[0-9]|2[0-3]):[0-5][0-9]:[0-5][0-9]
*     11:02:08.630 [main](    3931 msec from start) [DEBUG] order_com.advantage.root.util.ValidationHelper.isValidByRegExpPattern:117
13:14:15 match to pattern ([01]?[0-9]|2[0-3]):[0-5][0-9]:[0-5][0-9]
*     11:02:08.631 [main](    3932 msec from start) [DEBUG] order_com.advantage.root.util.ValidationHelper.isValidByRegExpPattern:117
23:59:59 match to pattern ([01]?[0-9]|2[0-3]):[0-5][0-9]:[0-5][0-9]
*     11:02:08.632 [main](    3933 msec from start) [WARN ] order_com.advantage.root.util.ValidationHelper.isValidByRegExpPattern:117
23:60:59 not match to pattern ([01]?[0-9]|2[0-3]):[0-5][0-9]:[0-5][0-9]
*     11:02:08.632 [main](    3933 msec from start) [WARN ] order_com.advantage.root.util.ValidationHelper.isValidByRegExpPattern:117
23:59:60 not match to pattern ([01]?[0-9]|2[0-3]):[0-5][0-9]:[0-5][0-9]
*     11:02:08.634 [main](    3935 msec from start) [WARN ] order_com.advantage.root.util.ValidationHelper.isValidByRegExpPattern:117
24:59:59 not match to pattern ([01]?[0-9]|2[0-3]):[0-5][0-9]:[0-5][0-9]
