*     20:52:54.908 [main](    1636 msec from start) [DEBUG] com.advantage.root.util.ValidationHelper.isValidByRegExpPattern:117
054 123 4567 match to pattern ((\+([1-9]{1}[0-9]{0,3}))?[-.\s]?)\(?([0-9]{1,3})\)?[-.\s]?([0-9]{3})[-.\s]?([0-9]{4})$
*     20:52:54.909 [main](    1637 msec from start) [DEBUG] com.advantage.root.util.ValidationHelper.isValidByRegExpPattern:117
(054) 1234567 match to pattern ((\+([1-9]{1}[0-9]{0,3}))?[-.\s]?)\(?([0-9]{1,3})\)?[-.\s]?([0-9]{3})[-.\s]?([0-9]{4})$
*     20:52:54.910 [main](    1638 msec from start) [DEBUG] com.advantage.root.util.ValidationHelper.isValidByRegExpPattern:117
(054) 123 4567 match to pattern ((\+([1-9]{1}[0-9]{0,3}))?[-.\s]?)\(?([0-9]{1,3})\)?[-.\s]?([0-9]{3})[-.\s]?([0-9]{4})$
*     20:52:54.912 [main](    1640 msec from start) [DEBUG] com.advantage.root.util.ValidationHelper.isValidByRegExpPattern:117
+1 123 456 7890 match to pattern ((\+([1-9]{1}[0-9]{0,3}))?[-.\s]?)\(?([0-9]{1,3})\)?[-.\s]?([0-9]{3})[-.\s]?([0-9]{4})$
*     20:52:54.912 [main](    1640 msec from start) [DEBUG] com.advantage.root.util.ValidationHelper.isValidByRegExpPattern:117
+972 54 123 4567 match to pattern ((\+([1-9]{1}[0-9]{0,3}))?[-.\s]?)\(?([0-9]{1,3})\)?[-.\s]?([0-9]{3})[-.\s]?([0-9]{4})$
*     20:52:54.913 [main](    1641 msec from start) [DEBUG] com.advantage.root.util.ValidationHelper.isValidByRegExpPattern:117
+972 54 1234567 match to pattern ((\+([1-9]{1}[0-9]{0,3}))?[-.\s]?)\(?([0-9]{1,3})\)?[-.\s]?([0-9]{3})[-.\s]?([0-9]{4})$
*     20:52:54.914 [main](    1642 msec from start) [DEBUG] com.advantage.root.util.ValidationHelper.isValidByRegExpPattern:117
+44 123 4567890 match to pattern ((\+([1-9]{1}[0-9]{0,3}))?[-.\s]?)\(?([0-9]{1,3})\)?[-.\s]?([0-9]{3})[-.\s]?([0-9]{4})$
*     20:52:54.915 [main](    1643 msec from start) [DEBUG] com.advantage.root.util.ValidationHelper.isValidByRegExpPattern:117
+44 1234567890 match to pattern ((\+([1-9]{1}[0-9]{0,3}))?[-.\s]?)\(?([0-9]{1,3})\)?[-.\s]?([0-9]{3})[-.\s]?([0-9]{4})$
*     20:52:54.915 [main](    1643 msec from start) [DEBUG] com.advantage.root.util.ValidationHelper.isValidByRegExpPattern:117
+441234567890 match to pattern ((\+([1-9]{1}[0-9]{0,3}))?[-.\s]?)\(?([0-9]{1,3})\)?[-.\s]?([0-9]{3})[-.\s]?([0-9]{4})$
*     20:52:54.916 [main](    1644 msec from start) [WARN ] com.advantage.root.util.ValidationHelper.isValidByRegExpPattern:117
441234567890 not match to pattern ((\+([1-9]{1}[0-9]{0,3}))?[-.\s]?)\(?([0-9]{1,3})\)?[-.\s]?([0-9]{3})[-.\s]?([0-9]{4})$
*     20:52:54.920 [main](    1648 msec from start) [DEBUG] com.advantage.root.util.ValidationHelper.isValidByRegExpPattern:117
davidK7 match to pattern ((?=.*\d)(?=.*[a-z])(?=.*[A-Z]).{4,12})
*     20:52:54.921 [main](    1649 msec from start) [DEBUG] com.advantage.root.util.ValidationHelper.isValidByRegExpPattern:117
King7david match to pattern ((?=.*\d)(?=.*[a-z])(?=.*[A-Z]).{4,12})
*     20:52:54.921 [main](    1649 msec from start) [WARN ] com.advantage.root.util.ValidationHelper.isValidByRegExpPattern:117
Kd5 not match to pattern ((?=.*\d)(?=.*[a-z])(?=.*[A-Z]).{4,12})
*     20:52:54.922 [main](    1650 msec from start) [WARN ] com.advantage.root.util.ValidationHelper.isValidByRegExpPattern:117
kingdavid not match to pattern ((?=.*\d)(?=.*[a-z])(?=.*[A-Z]).{4,12})
*     20:52:54.922 [main](    1650 msec from start) [WARN ] com.advantage.root.util.ValidationHelper.isValidByRegExpPattern:117
Kingdavid not match to pattern ((?=.*\d)(?=.*[a-z])(?=.*[A-Z]).{4,12})
*     20:52:54.923 [main](    1651 msec from start) [WARN ] com.advantage.root.util.ValidationHelper.isValidByRegExpPattern:117
KingSolomon123 not match to pattern ((?=.*\d)(?=.*[a-z])(?=.*[A-Z]).{4,12})
*     20:52:54.925 [main](    1653 msec from start) [DEBUG] com.advantage.root.util.ValidationHelper.isValidByRegExpPattern:117
a@b.com match to pattern ^[_A-Za-z0-9-\+]+(\.[_A-Za-z0-9-]+)*@[A-Za-z0-9-]+(\.[A-Za-z0-9]+)*(\.[A-Za-z]{2,})$
*     20:52:54.926 [main](    1654 msec from start) [DEBUG] com.advantage.root.util.ValidationHelper.isValidByRegExpPattern:117
user2015@hpe.com match to pattern ^[_A-Za-z0-9-\+]+(\.[_A-Za-z0-9-]+)*@[A-Za-z0-9-]+(\.[A-Za-z0-9]+)*(\.[A-Za-z]{2,})$
*     20:52:54.927 [main](    1655 msec from start) [DEBUG] com.advantage.root.util.ValidationHelper.isValidByRegExpPattern:117
pmoi@gov.il match to pattern ^[_A-Za-z0-9-\+]+(\.[_A-Za-z0-9-]+)*@[A-Za-z0-9-]+(\.[A-Za-z0-9]+)*(\.[A-Za-z]{2,})$
*     20:52:54.927 [main](    1655 msec from start) [DEBUG] com.advantage.root.util.ValidationHelper.isValidByRegExpPattern:117
user_2015@java.org.il match to pattern ^[_A-Za-z0-9-\+]+(\.[_A-Za-z0-9-]+)*@[A-Za-z0-9-]+(\.[A-Za-z0-9]+)*(\.[A-Za-z]{2,})$
*     20:52:54.928 [main](    1656 msec from start) [WARN ] com.advantage.root.util.ValidationHelper.isValidByRegExpPattern:117
pmoi#@gov.il not match to pattern ^[_A-Za-z0-9-\+]+(\.[_A-Za-z0-9-]+)*@[A-Za-z0-9-]+(\.[A-Za-z0-9]+)*(\.[A-Za-z]{2,})$
*     20:52:54.928 [main](    1656 msec from start) [WARN ] com.advantage.root.util.ValidationHelper.isValidByRegExpPattern:117
pmoi#gov.il not match to pattern ^[_A-Za-z0-9-\+]+(\.[_A-Za-z0-9-]+)*@[A-Za-z0-9-]+(\.[A-Za-z0-9]+)*(\.[A-Za-z]{2,})$
*     20:52:54.929 [main](    1657 msec from start) [WARN ] com.advantage.root.util.ValidationHelper.isValidByRegExpPattern:117
pmoi@.com not match to pattern ^[_A-Za-z0-9-\+]+(\.[_A-Za-z0-9-]+)*@[A-Za-z0-9-]+(\.[A-Za-z0-9]+)*(\.[A-Za-z]{2,})$
*     20:52:54.930 [main](    1658 msec from start) [DEBUG] com.advantage.root.util.ValidationHelper.isValidByRegExpPattern:117
user2015 match to pattern ^[A-Za-z0-9_.-]{3,15}$
*     20:52:54.931 [main](    1659 msec from start) [DEBUG] com.advantage.root.util.ValidationHelper.isValidByRegExpPattern:117
kingdavid match to pattern ^[A-Za-z0-9_.-]{3,15}$
*     20:52:54.932 [main](    1660 msec from start) [DEBUG] com.advantage.root.util.ValidationHelper.isValidByRegExpPattern:117
king.david match to pattern ^[A-Za-z0-9_.-]{3,15}$
*     20:52:54.932 [main](    1660 msec from start) [DEBUG] com.advantage.root.util.ValidationHelper.isValidByRegExpPattern:117
king.solomon match to pattern ^[A-Za-z0-9_.-]{3,15}$
*     20:52:54.933 [main](    1661 msec from start) [WARN ] com.advantage.root.util.ValidationHelper.isValidByRegExpPattern:117
kd not match to pattern ^[A-Za-z0-9_.-]{3,15}$
*     20:52:54.933 [main](    1661 msec from start) [WARN ] com.advantage.root.util.ValidationHelper.isValidByRegExpPattern:117
inspector.gadget not match to pattern ^[A-Za-z0-9_.-]{3,15}$
*     20:52:54.935 [main](    1663 msec from start) [DEBUG] com.advantage.root.util.ValidationHelper.isValidDate:128
date to check: '29.02.2012'
*     20:52:54.936 [main](    1664 msec from start) [DEBUG] com.advantage.root.util.ValidationHelper.isValidDate:149
29.02.2012 : true
*     20:52:54.936 [main](    1664 msec from start) [DEBUG] com.advantage.root.util.ValidationHelper.isValidDate:128
date to check: '29.02.2013'
*     20:52:54.937 [main](    1665 msec from start) [ERROR] com.advantage.root.util.ValidationHelper.isValidDate:145
29.02.2013 : false
*     20:52:54.938 [main](    1666 msec from start) [DEBUG] com.advantage.root.util.ValidationHelper.isValidDate:128
date to check: '02/29/2012'
*     20:52:54.938 [main](    1666 msec from start) [DEBUG] com.advantage.root.util.ValidationHelper.isValidDate:149
02/29/2012 : true
*     20:52:54.938 [main](    1666 msec from start) [DEBUG] com.advantage.root.util.ValidationHelper.isValidDate:128
date to check: '02/29/2013'
*     20:52:54.939 [main](    1667 msec from start) [ERROR] com.advantage.root.util.ValidationHelper.isValidDate:145
02/29/2013 : false
*     20:52:54.939 [main](    1667 msec from start) [DEBUG] com.advantage.root.util.ValidationHelper.isValidDate:128
date to check: '2012-02-29'
*     20:52:54.940 [main](    1668 msec from start) [DEBUG] com.advantage.root.util.ValidationHelper.isValidDate:149
2012-02-29 : true
*     20:52:54.940 [main](    1668 msec from start) [DEBUG] com.advantage.root.util.ValidationHelper.isValidDate:128
date to check: '2013-02-29'
*     20:52:54.941 [main](    1669 msec from start) [ERROR] com.advantage.root.util.ValidationHelper.isValidDate:145
2013-02-29 : false
*     20:52:54.943 [main](    1671 msec from start) [DEBUG] com.advantage.root.util.ValidationHelper.isValidByRegExpPattern:117
00:00:00 match to pattern ([01]?[0-9]|2[0-3]):[0-5][0-9]:[0-5][0-9]
*     20:52:54.943 [main](    1671 msec from start) [DEBUG] com.advantage.root.util.ValidationHelper.isValidByRegExpPattern:117
02:34:56 match to pattern ([01]?[0-9]|2[0-3]):[0-5][0-9]:[0-5][0-9]
*     20:52:54.944 [main](    1672 msec from start) [DEBUG] com.advantage.root.util.ValidationHelper.isValidByRegExpPattern:117
12:34:56 match to pattern ([01]?[0-9]|2[0-3]):[0-5][0-9]:[0-5][0-9]
*     20:52:54.944 [main](    1672 msec from start) [DEBUG] com.advantage.root.util.ValidationHelper.isValidByRegExpPattern:117
13:14:15 match to pattern ([01]?[0-9]|2[0-3]):[0-5][0-9]:[0-5][0-9]
*     20:52:54.945 [main](    1673 msec from start) [DEBUG] com.advantage.root.util.ValidationHelper.isValidByRegExpPattern:117
23:59:59 match to pattern ([01]?[0-9]|2[0-3]):[0-5][0-9]:[0-5][0-9]
*     20:52:54.945 [main](    1673 msec from start) [WARN ] com.advantage.root.util.ValidationHelper.isValidByRegExpPattern:117
23:60:59 not match to pattern ([01]?[0-9]|2[0-3]):[0-5][0-9]:[0-5][0-9]
*     20:52:54.945 [main](    1673 msec from start) [WARN ] com.advantage.root.util.ValidationHelper.isValidByRegExpPattern:117
23:59:60 not match to pattern ([01]?[0-9]|2[0-3]):[0-5][0-9]:[0-5][0-9]
*     20:52:54.946 [main](    1674 msec from start) [WARN ] com.advantage.root.util.ValidationHelper.isValidByRegExpPattern:117
24:59:59 not match to pattern ([01]?[0-9]|2[0-3]):[0-5][0-9]:[0-5][0-9]
